<?xml version="1.0" encoding="utf-8"?><testsuites><testsuite errors="0" failures="0" hostname="e2b895ba89a8" name="general tests" skipped="0" tests="6" time="3.840" timestamp="2021-02-12T14:22:41.728585"><testcase classname="test.test_dtv" name="test_dtv_init" time="0.839" /><testcase classname="test.test_dtv" name="test_dtv_signal_connection" time="0.025" /><testcase classname="test.test_dtv" name="test_path_dict" time="0.033" /><testcase classname="test.test_dtv" name="test_dtv_compare" time="0.010" /><testcase classname="test.test_dtv" name="test_insertItem" time="0.039" /><testcase classname="test.test_dtv" name="test_path_column" time="0.018" /></testsuite></testsuites>